<?xml version="1.0" encoding="UTF-8"?>
<testng-results ignored="0" total="1" passed="1" failed="0" skipped="0">
  <reporter-output>
  </reporter-output>
  <suite started-at="2023-09-16T16:54:02 SGT" name="regression" finished-at="2023-09-16T16:55:44 SGT" duration-ms="101881">
    <groups>
    </groups>
    <test started-at="2023-09-16T16:54:02 SGT" name="test1" finished-at="2023-09-16T16:55:44 SGT" duration-ms="101881">
      <class name="bootcamp2.bootcamp2ProjectB.TestCl">
        <test-method is-config="true" signature="beforeMethod(java.lang.String)[pri:0, instance:bootcamp2.bootcamp2ProjectB.TestCl@16293aa2]" started-at="2023-09-16T16:54:02 SGT" name="beforeMethod" finished-at="2023-09-16T16:54:15 SGT" duration-ms="12818" status="PASS">
          <params>
            <param index="0">
              <value>
                <![CDATA[Chrome]]>
              </value>
            </param>
          </params>
          <reporter-output>
          </reporter-output>
        </test-method> <!-- beforeMethod -->
        <test-method signature="f(java.lang.String,java.lang.String,java.lang.String,java.lang.String,java.lang.String,java.lang.String,java.lang.String,java.lang.String,java.lang.String,java.lang.String,java.lang.String,java.lang.String)[pri:0, instance:bootcamp2.bootcamp2ProjectB.TestCl@16293aa2]" started-at="2023-09-16T16:54:15 SGT" name="f" finished-at="2023-09-16T16:55:38 SGT" duration-ms="83124" status="PASS">
          <params>
            <param index="0">
              <value>
                <![CDATA[Mr.]]>
              </value>
            </param>
            <param index="1">
              <value>
                <![CDATA[moumin]]>
              </value>
            </param>
            <param index="2">
              <value>
                <![CDATA[XXXX]]>
              </value>
            </param>
            <param index="3">
              <value>
                <![CDATA[ali]]>
              </value>
            </param>
            <param index="4">
              <value>
                <![CDATA[abc@yahoo.com]]>
              </value>
            </param>
            <param index="5">
              <value>
                <![CDATA[Brunei +673]]>
              </value>
            </param>
            <param index="6">
              <value>
                <![CDATA[999-9999]]>
              </value>
            </param>
            <param index="7">
              <value>
                <![CDATA[Brunei]]>
              </value>
            </param>
            <param index="8">
              <value>
                <![CDATA[M]]>
              </value>
            </param>
            <param index="9">
              <value>
                <![CDATA[01 - Jan]]>
              </value>
            </param>
            <param index="10">
              <value>
                <![CDATA[19]]>
              </value>
            </param>
            <param index="11">
              <value>
                <![CDATA[1997]]>
              </value>
            </param>
          </params>
          <reporter-output>
          </reporter-output>
        </test-method> <!-- f -->
        <test-method is-config="true" signature="afterMethod()[pri:0, instance:bootcamp2.bootcamp2ProjectB.TestCl@16293aa2]" started-at="2023-09-16T16:55:38 SGT" name="afterMethod" finished-at="2023-09-16T16:55:44 SGT" duration-ms="5888" status="PASS">
          <reporter-output>
          </reporter-output>
        </test-method> <!-- afterMethod -->
      </class> <!-- bootcamp2.bootcamp2ProjectB.TestCl -->
    </test> <!-- test1 -->
  </suite> <!-- regression -->
</testng-results>
